<html>
<body>
<pre>
<h1>µVision Build Log</h1>
<h2>Project:</h2>
C:\Users\mostl\OneDrive\Acer R14\Projects\School\Keil v4\347_Lab4\ADC\ADCSWTrigger.uvproj
Project File Date:  10/22/2018

<h2>Output:</h2>
Rebuild target 'Lab4'
assembling startup.s...
compiling ADCSWTrigger.c...
compiling PLL.c...
compiling Lab4Main.c...
compiling Nokia5110.c...
linking...
Program Size: Code=3300 RO-data=512 RW-data=176 ZI-data=1120  
".\Lab4.axf" - 0 Error(s), 0 Warning(s).
</pre>
</body>
</html>
    for(int f = 0; f < 15; f = f + 1){
Lab4Main.c: 0 warnings, 2 errors
compiling Nokia5110.c...
".\Lab4.axf" - 2 Error(s), 0 Warning(s).
Target not created
eated
ngs, 3 errors
compiling Nokia5110.c...
".\Lab4.axf" - 3 Error(s), 0 Warning(s).
Target not created
302219
Lab4Main.c: 1 warning, 3 errors
compiling Nokia5110.c...
".\Lab4.axf" - 3 Error(s), 1 Warning(s).
Target not created
       int ia = 0;
Lab4Main.c(76): error:  #268: declaration may not appear after executable statement in block
        int ib = 0;
Lab4Main.c(84): error:  #29: expected an expression
                for (int i = 14; i < 0; i = i - 1){
Lab4Main.c(84): error:  #20: identifier "i" is undefined
                for (int i = 14; i < 0; i = i - 1){
Lab4Main.c(92): error:  #29: expected an expression
                for (int i = 0; i < 15; i++){
Lab4Main.c(100): error:  #268: declaration may not appear after executable statement in block
                int m = a - b;
Lab4Main.c(101): error:  #268: declaration may not appear after executable statement in block
                int l = a - ADCvalue;
Lab4Main.c(76): warning:  #550-D: variable "ib" was set but never used
        int ib = 0;
Lab4Main.c(137): warning:  #1-D: last line of file ends without a newline
  // Current equation: y = (39,629.72122/x) - 4.15302219
Lab4Main.c: 2 warnings, 11 errors
compiling Nokia5110.c...
".\Lab4.axf" - 11 Error(s), 2 Warning(s).
Target not created
